<?xml version="1.0" encoding="UTF-8"?>
<!-- Generated by org.testng.reporters.JUnitReportReporter -->
<testsuite hostname="Akshay-Laptop1" failures="0" tests="2" name="tests.Testing2" time="0.018" errors="0" timestamp="29 Jan. 2022 17:52:04 GMT" skipped="0">
  <testcase classname="tests.Testing2" name="test4" time="0.014"/>
  <testcase classname="tests.Testing2" name="test5" time="0.004"/>
</testsuite> <!-- tests.Testing2 -->
