<?xml version="1.0" encoding="UTF-8"?>
<!-- Generated by org.testng.reporters.JUnitReportReporter -->
<testsuite hostname="Akshay-Laptop1" failures="0" tests="5" name="tests.Testing1" time="0.009" errors="0" timestamp="29 Jan. 2022 17:54:47 GMT" skipped="0">
  <testcase classname="tests.Testing1" name="test2" time="0.002"/>
  <testcase classname="tests.Testing1" name="f" time="0.004"/>
  <testcase classname="tests.Testing1" name="test1" time="0.001"/>
  <testcase classname="tests.Testing1" name="f" time="0.002"/>
  <testcase classname="tests.Testing1" name="test3" time="0.000"/>
</testsuite> <!-- tests.Testing1 -->
