<?xml version="1.0" encoding="UTF-8"?>
<!-- Generated by org.testng.reporters.JUnitReportReporter -->
<testsuite hostname="Akshay-Laptop1" failures="0" tests="5" name="tests.Testing1" time="0.001" errors="0" timestamp="30 Jan. 2022 14:24:57 GMT" skipped="0">
  <testcase classname="tests.Testing1" name="f" time="0.000"/>
  <testcase classname="tests.Testing1" name="test2" time="0.000"/>
  <testcase classname="tests.Testing1" name="test1" time="0.000"/>
  <testcase classname="tests.Testing1" name="f" time="0.001"/>
  <testcase classname="tests.Testing1" name="test3" time="0.000"/>
</testsuite> <!-- tests.Testing1 -->
